<?xml version="1.0" encoding="UTF-8"?>
<!-- Generated by org.testng.reporters.JUnitXMLReporter -->
<testsuite ignored="0" hostname="DESKTOP-RC95IVI" failures="0" tests="4" name="Default test" time="149.401" errors="0" timestamp="2022-08-19T11:47:12 IST">
  <testcase classname="org.pomsample.DataDriven" name="login" time="45.074"/>
  <testcase classname="org.pomsample.DataDriven" name="login" time="39.174"/>
  <testcase classname="org.pomsample.DataDriven" name="login" time="30.921"/>
  <testcase classname="org.pomsample.DataDriven" name="login" time="34.166"/>
</testsuite> <!-- Default test -->
