<?xml version="1.0" encoding="UTF-8"?>
<testng-results ignored="0" total="4" passed="4" failed="0" skipped="0">
  <reporter-output>
  </reporter-output>
  <suite started-at="2022-08-19T11:44:42 IST" name="Default suite" finished-at="2022-08-19T11:47:12 IST" duration-ms="149401">
    <groups>
    </groups>
    <test started-at="2022-08-19T11:44:42 IST" name="Default test" finished-at="2022-08-19T11:47:12 IST" duration-ms="149401">
      <class name="org.pomsample.DataDriven">
        <test-method signature="login(java.lang.String,java.lang.String)[pri:0, instance:org.pomsample.DataDriven@44ebcd03]" started-at="2022-08-19T11:44:42 IST" name="login" data-provider="loginData" finished-at="2022-08-19T11:45:27 IST" duration-ms="45074" status="PASS">
          <params>
            <param index="0">
              <value>
                <![CDATA[Ranjithfreaky]]>
              </value>
            </param>
            <param index="1">
              <value>
                <![CDATA[Ranjith@95]]>
              </value>
            </param>
          </params>
          <reporter-output>
          </reporter-output>
        </test-method> <!-- login -->
        <test-method signature="login(java.lang.String,java.lang.String)[pri:0, instance:org.pomsample.DataDriven@44ebcd03]" started-at="2022-08-19T11:45:27 IST" name="login" data-provider="loginData" finished-at="2022-08-19T11:46:06 IST" duration-ms="39174" status="PASS">
          <params>
            <param index="0">
              <value>
                <![CDATA[Ranjithfreaky]]>
              </value>
            </param>
            <param index="1">
              <value>
                <![CDATA[password]]>
              </value>
            </param>
          </params>
          <reporter-output>
          </reporter-output>
        </test-method> <!-- login -->
        <test-method signature="login(java.lang.String,java.lang.String)[pri:0, instance:org.pomsample.DataDriven@44ebcd03]" started-at="2022-08-19T11:46:06 IST" name="login" data-provider="loginData" finished-at="2022-08-19T11:46:37 IST" duration-ms="30921" status="PASS">
          <params>
            <param index="0">
              <value>
                <![CDATA[password]]>
              </value>
            </param>
            <param index="1">
              <value>
                <![CDATA[Ranjith@95]]>
              </value>
            </param>
          </params>
          <reporter-output>
          </reporter-output>
        </test-method> <!-- login -->
        <test-method signature="login(java.lang.String,java.lang.String)[pri:0, instance:org.pomsample.DataDriven@44ebcd03]" started-at="2022-08-19T11:46:37 IST" name="login" data-provider="loginData" finished-at="2022-08-19T11:47:12 IST" duration-ms="34166" status="PASS">
          <params>
            <param index="0">
              <value>
                <![CDATA[password]]>
              </value>
            </param>
            <param index="1">
              <value>
                <![CDATA[password]]>
              </value>
            </param>
          </params>
          <reporter-output>
          </reporter-output>
        </test-method> <!-- login -->
      </class> <!-- org.pomsample.DataDriven -->
    </test> <!-- Default test -->
  </suite> <!-- Default suite -->
</testng-results>
